<?xml version="1.0" encoding="UTF-8"?>
<!-- Generated by org.testng.reporters.JUnitXMLReporter -->
<testsuite hostname="LAINPU1502-0130" name="Test" tests="1" failures="1" timestamp="2 Sep 2019 13:26:44 GMT" time="0.035" errors="0">
  <testcase name="Search" time="0.015" classname="SearchCall.SearchByManuscuriptId">
    <failure type="java.lang.Error" message="Unresolved compilation problem: 
	The method jsonPath() is undefined for the type String
">
      <![CDATA[java.lang.Error: Unresolved compilation problem: 
	The method jsonPath() is undefined for the type String

	at SearchCall.SearchByManuscuriptId.Search(SearchByManuscuriptId.java:42)
... Removed 24 stack frames]]>
    </failure>
  </testcase> <!-- Search -->
</testsuite> <!-- Test -->
